2024/01/17 08:40:35 [emerg] 1#1: host not found in upstream "worker:1215" in /etc/nginx/conf.d/default.conf:3
2024/01/17 08:42:58 [emerg] 1#1: host not found in upstream "worker:1215" in /etc/nginx/conf.d/default.conf:3
2024/01/17 08:46:52 [emerg] 1#1: host not found in upstream "worker:1215" in /etc/nginx/conf.d/default.conf:3
2024/01/17 08:48:09 [emerg] 1#1: host not found in upstream "worker:1215" in /etc/nginx/conf.d/default.conf:3
2024/01/17 08:49:30 [emerg] 1#1: host not found in upstream "worker:1215" in /etc/nginx/conf.d/default.conf:3
2024/01/17 09:12:37 [notice] 1#1: using the "epoll" event method
2024/01/17 09:12:37 [notice] 1#1: nginx/1.25.3
2024/01/17 09:12:37 [notice] 1#1: built by gcc 12.2.0 (Debian 12.2.0-14) 
2024/01/17 09:12:37 [notice] 1#1: OS: Linux 5.15.133.1-microsoft-standard-WSL2
2024/01/17 09:12:37 [notice] 1#1: getrlimit(RLIMIT_NOFILE): 1048576:1048576
2024/01/17 09:12:37 [notice] 1#1: start worker processes
2024/01/17 09:12:37 [notice] 1#1: start worker process 21
2024/01/17 09:12:37 [notice] 1#1: start worker process 22
2024/01/17 09:12:37 [notice] 1#1: start worker process 23
2024/01/17 09:12:37 [notice] 1#1: start worker process 24
2024/01/17 09:12:37 [notice] 1#1: start worker process 25
2024/01/17 09:12:37 [notice] 1#1: start worker process 26
2024/01/17 09:12:37 [notice] 1#1: start worker process 27
2024/01/17 09:12:37 [notice] 1#1: start worker process 28
2024/01/17 09:13:07 [notice] 1#1: signal 3 (SIGQUIT) received, shutting down
2024/01/17 09:13:07 [notice] 21#21: gracefully shutting down
2024/01/17 09:13:07 [notice] 28#28: gracefully shutting down
2024/01/17 09:13:07 [notice] 26#26: gracefully shutting down
2024/01/17 09:13:07 [notice] 22#22: gracefully shutting down
2024/01/17 09:13:07 [notice] 23#23: gracefully shutting down
2024/01/17 09:13:07 [notice] 24#24: gracefully shutting down
2024/01/17 09:13:07 [notice] 27#27: gracefully shutting down
2024/01/17 09:13:07 [notice] 25#25: gracefully shutting down
2024/01/17 09:13:07 [notice] 21#21: exiting
2024/01/17 09:13:07 [notice] 28#28: exiting
2024/01/17 09:13:07 [notice] 21#21: exit
2024/01/17 09:13:07 [notice] 26#26: exiting
2024/01/17 09:13:07 [notice] 22#22: exiting
2024/01/17 09:13:07 [notice] 23#23: exiting
2024/01/17 09:13:07 [notice] 24#24: exiting
2024/01/17 09:13:07 [notice] 27#27: exiting
2024/01/17 09:13:07 [notice] 24#24: exit
2024/01/17 09:13:07 [notice] 25#25: exiting
2024/01/17 09:13:07 [notice] 28#28: exit
2024/01/17 09:13:07 [notice] 25#25: exit
2024/01/17 09:13:07 [notice] 26#26: exit
2024/01/17 09:13:07 [notice] 22#22: exit
2024/01/17 09:13:07 [notice] 23#23: exit
2024/01/17 09:13:07 [notice] 27#27: exit
2024/01/17 09:13:07 [notice] 1#1: signal 17 (SIGCHLD) received from 21
2024/01/17 09:13:07 [notice] 1#1: worker process 21 exited with code 0
2024/01/17 09:13:07 [notice] 1#1: worker process 22 exited with code 0
2024/01/17 09:13:07 [notice] 1#1: worker process 25 exited with code 0
2024/01/17 09:13:07 [notice] 1#1: signal 29 (SIGIO) received
2024/01/17 09:13:07 [notice] 1#1: signal 17 (SIGCHLD) received from 24
2024/01/17 09:13:07 [notice] 1#1: worker process 23 exited with code 0
2024/01/17 09:13:07 [notice] 1#1: worker process 24 exited with code 0
2024/01/17 09:13:07 [notice] 1#1: signal 29 (SIGIO) received
2024/01/17 09:13:07 [notice] 1#1: signal 17 (SIGCHLD) received from 28
2024/01/17 09:13:07 [notice] 1#1: worker process 28 exited with code 0
2024/01/17 09:13:07 [notice] 1#1: signal 29 (SIGIO) received
2024/01/17 09:13:07 [notice] 1#1: signal 17 (SIGCHLD) received from 26
2024/01/17 09:13:07 [notice] 1#1: worker process 26 exited with code 0
2024/01/17 09:13:07 [notice] 1#1: worker process 27 exited with code 0
2024/01/17 09:13:07 [notice] 1#1: exit
2024/01/17 09:17:18 [notice] 1#1: using the "epoll" event method
2024/01/17 09:17:18 [notice] 1#1: nginx/1.25.3
2024/01/17 09:17:18 [notice] 1#1: built by gcc 12.2.0 (Debian 12.2.0-14) 
2024/01/17 09:17:18 [notice] 1#1: OS: Linux 5.15.133.1-microsoft-standard-WSL2
2024/01/17 09:17:18 [notice] 1#1: getrlimit(RLIMIT_NOFILE): 1048576:1048576
2024/01/17 09:17:18 [notice] 1#1: start worker processes
2024/01/17 09:17:18 [notice] 1#1: start worker process 21
2024/01/17 09:17:18 [notice] 1#1: start worker process 22
2024/01/17 09:17:18 [notice] 1#1: start worker process 23
2024/01/17 09:17:18 [notice] 1#1: start worker process 24
2024/01/17 09:17:18 [notice] 1#1: start worker process 25
2024/01/17 09:17:18 [notice] 1#1: start worker process 26
2024/01/17 09:17:18 [notice] 1#1: start worker process 27
2024/01/17 09:17:18 [notice] 1#1: start worker process 28
2024/01/17 09:17:46 [notice] 1#1: signal 3 (SIGQUIT) received, shutting down
2024/01/17 09:17:46 [notice] 21#21: gracefully shutting down
2024/01/17 09:17:46 [notice] 22#22: gracefully shutting down
2024/01/17 09:17:46 [notice] 23#23: gracefully shutting down
2024/01/17 09:17:46 [notice] 24#24: gracefully shutting down
2024/01/17 09:17:46 [notice] 25#25: gracefully shutting down
2024/01/17 09:17:46 [notice] 26#26: gracefully shutting down
2024/01/17 09:17:46 [notice] 28#28: gracefully shutting down
2024/01/17 09:17:46 [notice] 27#27: gracefully shutting down
2024/01/17 09:17:46 [notice] 21#21: exiting
2024/01/17 09:17:46 [notice] 22#22: exiting
2024/01/17 09:17:46 [notice] 23#23: exiting
2024/01/17 09:17:46 [notice] 24#24: exiting
2024/01/17 09:17:46 [notice] 25#25: exiting
2024/01/17 09:17:46 [notice] 26#26: exiting
2024/01/17 09:17:46 [notice] 25#25: exit
2024/01/17 09:17:46 [notice] 28#28: exiting
2024/01/17 09:17:46 [notice] 28#28: exit
2024/01/17 09:17:46 [notice] 27#27: exiting
2024/01/17 09:17:46 [notice] 21#21: exit
2024/01/17 09:17:46 [notice] 22#22: exit
2024/01/17 09:17:46 [notice] 23#23: exit
2024/01/17 09:17:46 [notice] 24#24: exit
2024/01/17 09:17:46 [notice] 26#26: exit
2024/01/17 09:17:46 [notice] 27#27: exit
2024/01/17 09:17:46 [notice] 1#1: signal 17 (SIGCHLD) received from 25
2024/01/17 09:17:46 [notice] 1#1: worker process 21 exited with code 0
2024/01/17 09:17:46 [notice] 1#1: worker process 25 exited with code 0
2024/01/17 09:17:46 [notice] 1#1: signal 29 (SIGIO) received
2024/01/17 09:17:46 [notice] 1#1: signal 17 (SIGCHLD) received from 22
2024/01/17 09:17:46 [notice] 1#1: worker process 22 exited with code 0
2024/01/17 09:17:46 [notice] 1#1: worker process 24 exited with code 0
2024/01/17 09:17:46 [notice] 1#1: worker process 26 exited with code 0
2024/01/17 09:17:46 [notice] 1#1: worker process 27 exited with code 0
2024/01/17 09:17:46 [notice] 1#1: signal 29 (SIGIO) received
2024/01/17 09:17:46 [notice] 1#1: signal 17 (SIGCHLD) received from 26
2024/01/17 09:17:46 [notice] 1#1: signal 17 (SIGCHLD) received from 28
2024/01/17 09:17:46 [notice] 1#1: worker process 23 exited with code 0
2024/01/17 09:17:46 [notice] 1#1: worker process 28 exited with code 0
2024/01/17 09:17:46 [notice] 1#1: exit
2024/01/17 09:18:28 [notice] 1#1: using the "epoll" event method
2024/01/17 09:18:28 [notice] 1#1: nginx/1.25.3
2024/01/17 09:18:28 [notice] 1#1: built by gcc 12.2.0 (Debian 12.2.0-14) 
2024/01/17 09:18:28 [notice] 1#1: OS: Linux 5.15.133.1-microsoft-standard-WSL2
2024/01/17 09:18:28 [notice] 1#1: getrlimit(RLIMIT_NOFILE): 1048576:1048576
2024/01/17 09:18:28 [notice] 1#1: start worker processes
2024/01/17 09:18:28 [notice] 1#1: start worker process 21
2024/01/17 09:18:28 [notice] 1#1: start worker process 22
2024/01/17 09:18:28 [notice] 1#1: start worker process 23
2024/01/17 09:18:28 [notice] 1#1: start worker process 24
2024/01/17 09:18:28 [notice] 1#1: start worker process 25
2024/01/17 09:18:28 [notice] 1#1: start worker process 26
2024/01/17 09:18:28 [notice] 1#1: start worker process 27
2024/01/17 09:18:28 [notice] 1#1: start worker process 28
2024/01/17 09:19:05 [notice] 1#1: signal 3 (SIGQUIT) received, shutting down
2024/01/17 09:19:05 [notice] 21#21: gracefully shutting down
2024/01/17 09:19:05 [notice] 22#22: gracefully shutting down
2024/01/17 09:19:05 [notice] 23#23: gracefully shutting down
2024/01/17 09:19:05 [notice] 24#24: gracefully shutting down
2024/01/17 09:19:05 [notice] 25#25: gracefully shutting down
2024/01/17 09:19:05 [notice] 26#26: gracefully shutting down
2024/01/17 09:19:05 [notice] 27#27: gracefully shutting down
2024/01/17 09:19:05 [notice] 28#28: gracefully shutting down
2024/01/17 09:19:05 [notice] 21#21: exiting
2024/01/17 09:19:05 [notice] 22#22: exiting
2024/01/17 09:19:05 [notice] 21#21: exit
2024/01/17 09:19:05 [notice] 23#23: exiting
2024/01/17 09:19:05 [notice] 24#24: exiting
2024/01/17 09:19:05 [notice] 25#25: exiting
2024/01/17 09:19:05 [notice] 26#26: exiting
2024/01/17 09:19:05 [notice] 27#27: exiting
2024/01/17 09:19:05 [notice] 28#28: exiting
2024/01/17 09:19:05 [notice] 22#22: exit
2024/01/17 09:19:05 [notice] 23#23: exit
2024/01/17 09:19:05 [notice] 24#24: exit
2024/01/17 09:19:05 [notice] 25#25: exit
2024/01/17 09:19:05 [notice] 26#26: exit
2024/01/17 09:19:05 [notice] 27#27: exit
2024/01/17 09:19:05 [notice] 28#28: exit
2024/01/17 09:19:05 [notice] 1#1: signal 17 (SIGCHLD) received from 28
2024/01/17 09:19:05 [notice] 1#1: worker process 21 exited with code 0
2024/01/17 09:19:05 [notice] 1#1: worker process 22 exited with code 0
2024/01/17 09:19:05 [notice] 1#1: worker process 25 exited with code 0
2024/01/17 09:19:05 [notice] 1#1: worker process 26 exited with code 0
2024/01/17 09:19:05 [notice] 1#1: worker process 27 exited with code 0
2024/01/17 09:19:05 [notice] 1#1: worker process 28 exited with code 0
2024/01/17 09:19:05 [notice] 1#1: signal 29 (SIGIO) received
2024/01/17 09:19:05 [notice] 1#1: signal 17 (SIGCHLD) received from 22
2024/01/17 09:19:05 [notice] 1#1: signal 17 (SIGCHLD) received from 23
2024/01/17 09:19:05 [notice] 1#1: worker process 23 exited with code 0
2024/01/17 09:19:05 [notice] 1#1: signal 29 (SIGIO) received
2024/01/17 09:19:05 [notice] 1#1: signal 17 (SIGCHLD) received from 24
2024/01/17 09:19:05 [notice] 1#1: worker process 24 exited with code 0
2024/01/17 09:19:05 [notice] 1#1: exit
2024/01/17 09:19:41 [emerg] 1#1: host not found in upstream "worker:1215" in /etc/nginx/conf.d/default.conf:3
2024/01/17 09:21:15 [notice] 1#1: using the "epoll" event method
2024/01/17 09:21:15 [notice] 1#1: nginx/1.25.3
2024/01/17 09:21:15 [notice] 1#1: built by gcc 12.2.0 (Debian 12.2.0-14) 
2024/01/17 09:21:15 [notice] 1#1: OS: Linux 5.15.133.1-microsoft-standard-WSL2
2024/01/17 09:21:15 [notice] 1#1: getrlimit(RLIMIT_NOFILE): 1048576:1048576
2024/01/17 09:21:15 [notice] 1#1: start worker processes
2024/01/17 09:21:15 [notice] 1#1: start worker process 21
2024/01/17 09:21:15 [notice] 1#1: start worker process 22
2024/01/17 09:21:15 [notice] 1#1: start worker process 23
2024/01/17 09:21:15 [notice] 1#1: start worker process 24
2024/01/17 09:21:15 [notice] 1#1: start worker process 25
2024/01/17 09:21:15 [notice] 1#1: start worker process 26
2024/01/17 09:21:15 [notice] 1#1: start worker process 27
2024/01/17 09:21:15 [notice] 1#1: start worker process 28
2024/01/17 09:33:14 [notice] 1#1: signal 3 (SIGQUIT) received, shutting down
2024/01/17 09:33:14 [notice] 22#22: gracefully shutting down
2024/01/17 09:33:14 [notice] 21#21: gracefully shutting down
2024/01/17 09:33:14 [notice] 23#23: gracefully shutting down
2024/01/17 09:33:14 [notice] 26#26: gracefully shutting down
2024/01/17 09:33:14 [notice] 27#27: gracefully shutting down
2024/01/17 09:33:14 [notice] 24#24: gracefully shutting down
2024/01/17 09:33:14 [notice] 25#25: gracefully shutting down
2024/01/17 09:33:14 [notice] 28#28: gracefully shutting down
2024/01/17 09:33:14 [notice] 22#22: exiting
2024/01/17 09:33:14 [notice] 21#21: exiting
2024/01/17 09:33:14 [notice] 23#23: exiting
2024/01/17 09:33:14 [notice] 26#26: exiting
2024/01/17 09:33:14 [notice] 27#27: exiting
2024/01/17 09:33:14 [notice] 24#24: exiting
2024/01/17 09:33:14 [notice] 25#25: exiting
2024/01/17 09:33:14 [notice] 28#28: exiting
2024/01/17 09:33:14 [notice] 22#22: exit
2024/01/17 09:33:14 [notice] 21#21: exit
2024/01/17 09:33:14 [notice] 23#23: exit
2024/01/17 09:33:14 [notice] 26#26: exit
2024/01/17 09:33:14 [notice] 27#27: exit
2024/01/17 09:33:14 [notice] 24#24: exit
2024/01/17 09:33:14 [notice] 25#25: exit
2024/01/17 09:33:14 [notice] 28#28: exit
2024/01/17 09:33:14 [notice] 1#1: signal 17 (SIGCHLD) received from 22
2024/01/17 09:33:14 [notice] 1#1: worker process 22 exited with code 0
2024/01/17 09:33:14 [notice] 1#1: worker process 26 exited with code 0
2024/01/17 09:33:14 [notice] 1#1: worker process 27 exited with code 0
2024/01/17 09:33:14 [notice] 1#1: worker process 28 exited with code 0
2024/01/17 09:33:14 [notice] 1#1: signal 29 (SIGIO) received
2024/01/17 09:33:14 [notice] 1#1: signal 17 (SIGCHLD) received from 23
2024/01/17 09:33:14 [notice] 1#1: worker process 23 exited with code 0
2024/01/17 09:33:14 [notice] 1#1: worker process 24 exited with code 0
2024/01/17 09:33:14 [notice] 1#1: signal 29 (SIGIO) received
2024/01/17 09:33:14 [notice] 1#1: signal 17 (SIGCHLD) received from 21
2024/01/17 09:33:14 [notice] 1#1: worker process 21 exited with code 0
2024/01/17 09:33:14 [notice] 1#1: worker process 25 exited with code 0
2024/01/17 09:33:14 [notice] 1#1: exit
2024/01/17 09:33:31 [notice] 1#1: using the "epoll" event method
2024/01/17 09:33:31 [notice] 1#1: nginx/1.25.3
2024/01/17 09:33:31 [notice] 1#1: built by gcc 12.2.0 (Debian 12.2.0-14) 
2024/01/17 09:33:31 [notice] 1#1: OS: Linux 5.15.133.1-microsoft-standard-WSL2
2024/01/17 09:33:31 [notice] 1#1: getrlimit(RLIMIT_NOFILE): 1048576:1048576
2024/01/17 09:33:31 [notice] 1#1: start worker processes
2024/01/17 09:33:31 [notice] 1#1: start worker process 21
2024/01/17 09:33:31 [notice] 1#1: start worker process 22
2024/01/17 09:33:31 [notice] 1#1: start worker process 23
2024/01/17 09:33:31 [notice] 1#1: start worker process 24
2024/01/17 09:33:31 [notice] 1#1: start worker process 25
2024/01/17 09:33:31 [notice] 1#1: start worker process 26
2024/01/17 09:33:31 [notice] 1#1: start worker process 27
2024/01/17 09:33:31 [notice] 1#1: start worker process 28
2024/01/17 09:33:59 [notice] 1#1: signal 3 (SIGQUIT) received, shutting down
2024/01/17 09:33:59 [notice] 21#21: gracefully shutting down
2024/01/17 09:33:59 [notice] 28#28: gracefully shutting down
2024/01/17 09:33:59 [notice] 22#22: gracefully shutting down
2024/01/17 09:33:59 [notice] 23#23: gracefully shutting down
2024/01/17 09:33:59 [notice] 23#23: exiting
2024/01/17 09:33:59 [notice] 24#24: gracefully shutting down
2024/01/17 09:33:59 [notice] 25#25: gracefully shutting down
2024/01/17 09:33:59 [notice] 26#26: gracefully shutting down
2024/01/17 09:33:59 [notice] 27#27: gracefully shutting down
2024/01/17 09:33:59 [notice] 21#21: exiting
2024/01/17 09:33:59 [notice] 28#28: exiting
2024/01/17 09:33:59 [notice] 22#22: exiting
2024/01/17 09:33:59 [notice] 23#23: exit
2024/01/17 09:33:59 [notice] 24#24: exiting
2024/01/17 09:33:59 [notice] 25#25: exiting
2024/01/17 09:33:59 [notice] 26#26: exiting
2024/01/17 09:33:59 [notice] 27#27: exiting
2024/01/17 09:33:59 [notice] 21#21: exit
2024/01/17 09:33:59 [notice] 28#28: exit
2024/01/17 09:33:59 [notice] 22#22: exit
2024/01/17 09:33:59 [notice] 24#24: exit
2024/01/17 09:33:59 [notice] 25#25: exit
2024/01/17 09:33:59 [notice] 26#26: exit
2024/01/17 09:33:59 [notice] 27#27: exit
2024/01/17 09:33:59 [notice] 1#1: signal 17 (SIGCHLD) received from 25
2024/01/17 09:33:59 [notice] 1#1: worker process 25 exited with code 0
2024/01/17 09:33:59 [notice] 1#1: signal 29 (SIGIO) received
2024/01/17 09:33:59 [notice] 1#1: signal 17 (SIGCHLD) received from 21
2024/01/17 09:33:59 [notice] 1#1: worker process 21 exited with code 0
2024/01/17 09:33:59 [notice] 1#1: signal 29 (SIGIO) received
2024/01/17 09:33:59 [notice] 1#1: signal 17 (SIGCHLD) received from 26
2024/01/17 09:33:59 [notice] 1#1: worker process 22 exited with code 0
2024/01/17 09:33:59 [notice] 1#1: worker process 23 exited with code 0
2024/01/17 09:33:59 [notice] 1#1: worker process 24 exited with code 0
2024/01/17 09:33:59 [notice] 1#1: worker process 26 exited with code 0
2024/01/17 09:33:59 [notice] 1#1: worker process 27 exited with code 0
2024/01/17 09:33:59 [notice] 1#1: signal 29 (SIGIO) received
2024/01/17 09:33:59 [notice] 1#1: signal 17 (SIGCHLD) received from 24
2024/01/17 09:33:59 [notice] 1#1: signal 17 (SIGCHLD) received from 28
2024/01/17 09:33:59 [notice] 1#1: worker process 28 exited with code 0
2024/01/17 09:33:59 [notice] 1#1: exit
2024/01/17 09:35:07 [notice] 1#1: using the "epoll" event method
2024/01/17 09:35:07 [notice] 1#1: nginx/1.25.3
2024/01/17 09:35:07 [notice] 1#1: built by gcc 12.2.0 (Debian 12.2.0-14) 
2024/01/17 09:35:07 [notice] 1#1: OS: Linux 5.15.133.1-microsoft-standard-WSL2
2024/01/17 09:35:07 [notice] 1#1: getrlimit(RLIMIT_NOFILE): 1048576:1048576
2024/01/17 09:35:07 [notice] 1#1: start worker processes
2024/01/17 09:35:07 [notice] 1#1: start worker process 21
2024/01/17 09:35:07 [notice] 1#1: start worker process 22
2024/01/17 09:35:07 [notice] 1#1: start worker process 23
2024/01/17 09:35:07 [notice] 1#1: start worker process 24
2024/01/17 09:35:07 [notice] 1#1: start worker process 25
2024/01/17 09:35:07 [notice] 1#1: start worker process 26
2024/01/17 09:35:07 [notice] 1#1: start worker process 27
2024/01/17 09:35:07 [notice] 1#1: start worker process 28
2024/01/17 09:38:54 [notice] 1#1: signal 3 (SIGQUIT) received, shutting down
2024/01/17 09:38:54 [notice] 21#21: gracefully shutting down
2024/01/17 09:38:54 [notice] 23#23: gracefully shutting down
2024/01/17 09:38:54 [notice] 24#24: gracefully shutting down
2024/01/17 09:38:54 [notice] 25#25: gracefully shutting down
2024/01/17 09:38:54 [notice] 26#26: gracefully shutting down
2024/01/17 09:38:54 [notice] 28#28: gracefully shutting down
2024/01/17 09:38:54 [notice] 27#27: gracefully shutting down
2024/01/17 09:38:54 [notice] 21#21: exiting
2024/01/17 09:38:54 [notice] 23#23: exiting
2024/01/17 09:38:54 [notice] 24#24: exiting
2024/01/17 09:38:54 [notice] 25#25: exiting
2024/01/17 09:38:54 [notice] 26#26: exiting
2024/01/17 09:38:54 [notice] 22#22: gracefully shutting down
2024/01/17 09:38:54 [notice] 28#28: exiting
2024/01/17 09:38:54 [notice] 27#27: exiting
2024/01/17 09:38:54 [notice] 21#21: exit
2024/01/17 09:38:54 [notice] 23#23: exit
2024/01/17 09:38:54 [notice] 24#24: exit
2024/01/17 09:38:54 [notice] 25#25: exit
2024/01/17 09:38:54 [notice] 26#26: exit
2024/01/17 09:38:54 [notice] 22#22: exiting
2024/01/17 09:38:54 [notice] 28#28: exit
2024/01/17 09:38:54 [notice] 27#27: exit
2024/01/17 09:38:54 [notice] 22#22: exit
2024/01/17 09:38:54 [notice] 1#1: signal 17 (SIGCHLD) received from 28
2024/01/17 09:38:54 [notice] 1#1: worker process 24 exited with code 0
2024/01/17 09:38:54 [notice] 1#1: worker process 28 exited with code 0
2024/01/17 09:38:54 [notice] 1#1: signal 29 (SIGIO) received
2024/01/17 09:38:54 [notice] 1#1: signal 17 (SIGCHLD) received from 26
2024/01/17 09:38:54 [notice] 1#1: worker process 26 exited with code 0
2024/01/17 09:38:54 [notice] 1#1: signal 29 (SIGIO) received
2024/01/17 09:38:54 [notice] 1#1: signal 17 (SIGCHLD) received from 21
2024/01/17 09:38:54 [notice] 1#1: worker process 21 exited with code 0
2024/01/17 09:38:54 [notice] 1#1: worker process 22 exited with code 0
2024/01/17 09:38:54 [notice] 1#1: worker process 23 exited with code 0
2024/01/17 09:38:54 [notice] 1#1: worker process 25 exited with code 0
2024/01/17 09:38:54 [notice] 1#1: worker process 27 exited with code 0
2024/01/17 09:38:54 [notice] 1#1: exit
2024/01/17 09:39:09 [notice] 1#1: using the "epoll" event method
2024/01/17 09:39:09 [notice] 1#1: nginx/1.25.3
2024/01/17 09:39:09 [notice] 1#1: built by gcc 12.2.0 (Debian 12.2.0-14) 
2024/01/17 09:39:09 [notice] 1#1: OS: Linux 5.15.133.1-microsoft-standard-WSL2
2024/01/17 09:39:09 [notice] 1#1: getrlimit(RLIMIT_NOFILE): 1048576:1048576
2024/01/17 09:39:09 [notice] 1#1: start worker processes
2024/01/17 09:39:09 [notice] 1#1: start worker process 20
2024/01/17 09:39:09 [notice] 1#1: start worker process 21
2024/01/17 09:39:09 [notice] 1#1: start worker process 22
2024/01/17 09:39:09 [notice] 1#1: start worker process 23
2024/01/17 09:39:09 [notice] 1#1: start worker process 24
2024/01/17 09:39:09 [notice] 1#1: start worker process 25
2024/01/17 09:39:09 [notice] 1#1: start worker process 26
2024/01/17 09:39:09 [notice] 1#1: start worker process 27
2024/01/19 03:18:25 [notice] 1#1: using the "epoll" event method
2024/01/19 03:18:25 [notice] 1#1: nginx/1.25.3
2024/01/19 03:18:25 [notice] 1#1: built by gcc 12.2.0 (Debian 12.2.0-14) 
2024/01/19 03:18:25 [notice] 1#1: OS: Linux 5.15.133.1-microsoft-standard-WSL2
2024/01/19 03:18:25 [notice] 1#1: getrlimit(RLIMIT_NOFILE): 1048576:1048576
2024/01/19 03:18:25 [notice] 1#1: start worker processes
2024/01/19 03:18:25 [notice] 1#1: start worker process 21
2024/01/19 03:18:25 [notice] 1#1: start worker process 22
2024/01/19 03:18:25 [notice] 1#1: start worker process 23
2024/01/19 03:18:25 [notice] 1#1: start worker process 24
2024/01/19 03:18:25 [notice] 1#1: start worker process 25
2024/01/19 03:18:25 [notice] 1#1: start worker process 26
2024/01/19 03:18:25 [notice] 1#1: start worker process 27
2024/01/19 03:18:25 [notice] 1#1: start worker process 28
